\BOOKMARK [0][]{section*.1}{Preface}{}% 1
\BOOKMARK [0][]{section*.2}{Contents}{}% 2
\BOOKMARK [0][]{section*.3}{List\040of\040Publications}{}% 3
\BOOKMARK [0][]{section*.4}{Author's\040Contribution}{}% 4
\BOOKMARK [0][]{chapter.1}{1.\040Introduction}{}% 5
\BOOKMARK [1][]{section.1.1}{1.1\040Motivation}{chapter.1}% 6
\BOOKMARK [1][]{section.1.2}{1.2\040Research\040questions\040and\040contributions}{chapter.1}% 7
\BOOKMARK [1][]{section.1.3}{1.3\040Organization\040of\040the\040thesis}{chapter.1}% 8
\BOOKMARK [0][]{chapter.2}{2.\040Probabilistic\040modelling}{}% 9
\BOOKMARK [1][]{section.2.1}{2.1\040Modelling\040the\040data}{chapter.2}% 10
\BOOKMARK [2][]{subsection.2.1.1}{2.1.1\040Bayesian\040Linear\040regression}{section.2.1}% 11
\BOOKMARK [1][]{section.2.2}{2.2\040Modelling\040the\040user}{chapter.2}% 12
\BOOKMARK [0][]{chapter.3}{3.\040User\040interaction\040with\040the\040probabilistic\040model}{}% 13
\BOOKMARK [0][]{chapter.4}{4.\040Applications\040and\040results\040OR\040Summary\040of\040the\040Publications\040}{}% 14
\BOOKMARK [0][]{chapter.5}{5.\040Discussion}{}% 15
\BOOKMARK [0][]{section*.13}{References}{}% 16
\BOOKMARK [0][]{section*.14}{Publications}{}% 17
\BOOKMARK [1][]{pub.c1.1}{Publication\040I}{section*.14}% 18
\BOOKMARK [1][]{pub.j1.1}{Publication\040II}{section*.14}% 19
\BOOKMARK [1][]{pub.j2.1}{Publication\040III}{section*.14}% 20
\BOOKMARK [1][]{pub.c2.1}{Publication\040IV}{section*.14}% 21
\BOOKMARK [1][]{pub.j3.1}{Publication\040V}{section*.14}% 22
